<?xml version="1.0" encoding="UTF-8"?>
<!-- Generated by org.testng.reporters.JUnitXMLReporter -->
<testsuite ignored="0" hostname="BestProgrammer" failures="1" tests="48" name="Command line test" time="657.824" errors="0" timestamp="2022-08-29T15:33:49 IDT">
  <testcase classname="testSuits.authTestSuit.LoginTest" name="loginWithCorrectData" time="21.007"/>
  <testcase classname="testSuits.authTestSuit.LoginTest" name="loginWithIncorrectPassword" time="9.614"/>
  <testcase classname="testSuits.authTestSuit.RegistrationTest" name="registerWithEmailInvalid" time="27.869"/>
  <testcase classname="testSuits.authTestSuit.RegistrationTest" name="registerWithEmailInvalid" time="13.402"/>
  <testcase classname="testSuits.authTestSuit.RegistrationTest" name="registerWithEmailInvalid" time="15.539"/>
  <testcase classname="testSuits.authTestSuit.RegistrationTest" name="registerWithEmailInvalid" time="12.244"/>
  <testcase classname="testSuits.authTestSuit.RegistrationTest" name="registerWithFirthNameInvalid" time="13.624"/>
  <testcase classname="testSuits.authTestSuit.RegistrationTest" name="registerWithFirthNameInvalid" time="12.596"/>
  <testcase classname="testSuits.authTestSuit.RegistrationTest" name="registerWithFirthNameInvalid" time="13.306"/>
  <testcase classname="testSuits.authTestSuit.RegistrationTest" name="registerWithFirthNameInvalid" time="12.323"/>
  <testcase classname="testSuits.authTestSuit.RegistrationTest" name="registerWithLastNameInvalid" time="12.044"/>
  <testcase classname="testSuits.authTestSuit.RegistrationTest" name="registerWithLastNameInvalid" time="13.817"/>
  <testcase classname="testSuits.authTestSuit.RegistrationTest" name="registerWithLastNameInvalid" time="12.449"/>
  <testcase classname="testSuits.authTestSuit.RegistrationTest" name="registerWithLastNameInvalid" time="12.035"/>
  <testcase classname="testSuits.authTestSuit.RegistrationTest" name="registerWithPasswordInvalid" time="12.218"/>
  <testcase classname="testSuits.authTestSuit.RegistrationTest" name="registerWithPasswordInvalid" time="11.756"/>
  <testcase classname="testSuits.authTestSuit.RegistrationTest" name="registerWithPasswordInvalid" time="11.67"/>
  <testcase classname="testSuits.authTestSuit.RegistrationTest" name="registerWithPasswordInvalid" time="10.871"/>
  <testcase classname="testSuits.authTestSuit.RegistrationTest" name="registerWithPhoneNumberInvalid" time="10.586"/>
  <testcase classname="testSuits.authTestSuit.RegistrationTest" name="registerWithPhoneNumberInvalid" time="11.166"/>
  <testcase classname="testSuits.authTestSuit.RegistrationTest" name="registerWithPhoneNumberInvalid" time="10.244"/>
  <testcase classname="testSuits.authTestSuit.RegistrationTest" name="registerWithPhoneNumberInvalid" time="10.342"/>
  <testcase classname="testSuits.authTestSuit.RegistrationTest" name="registerWithValidData" time="9.789"/>
  <testcase classname="testSuits.authTestSuit.RegistrationTest" name="registerWithValidData" time="9.432"/>
  <testcase classname="testSuits.authTestSuit.RegistrationTest" name="registerWithValidData" time="11.616"/>
  <testcase classname="testSuits.authTestSuit.RegistrationTest" name="registerWithValidData" time="10.008"/>
  <testcase classname="testSuits.searchTestSuit.SearchTest" name="checkCountResults" time="13.857"/>
  <testcase classname="testSuits.searchTestSuit.SearchTest" name="checkCountResults" time="5.941"/>
  <testcase classname="testSuits.searchTestSuit.SearchTest" name="checkCountResults" time="5.278"/>
  <testcase classname="testSuits.searchTestSuit.SearchTest" name="checkCountResults" time="7.028"/>
  <testcase classname="testSuits.searchTestSuit.SearchTest" name="checkFirstResult" time="6.135"/>
  <testcase classname="testSuits.searchTestSuit.SearchTest" name="checkFirstResult" time="5.841"/>
  <testcase classname="testSuits.searchTestSuit.SearchTest" name="checkFirstResult" time="4.764"/>
  <testcase classname="testSuits.searchTestSuit.SearchTest" name="checkFirstResult" time="5.941"/>
  <testcase classname="testSuits.searchTestSuit.SearchTest" name="checkPrice" time="11.137"/>
  <testcase classname="testSuits.searchTestSuit.SearchTest" name="checkPrice" time="10.224"/>
  <testcase classname="testSuits.searchTestSuit.SearchTest" name="checkPrice" time="8.38"/>
  <testcase classname="testSuits.searchTestSuit.SearchTest" name="checkPrice" time="9.661"/>
  <testcase classname="testSuits.searchTestSuit.SearchTest" name="checkSearchTerm" time="5.698"/>
  <testcase classname="testSuits.searchTestSuit.SearchTest" name="checkSearchTerm" time="5.658"/>
  <testcase classname="testSuits.searchTestSuit.SearchTest" name="checkSearchTerm" time="5.141"/>
  <testcase classname="testSuits.searchTestSuit.SearchTest" name="checkSearchTerm" time="5.384"/>
  <testcase classname="testSuits.ShoppingCartTestSuit.ShoppingCartTest" name="checkAddProduct" time="32.779"/>
  <testcase classname="testSuits.ShoppingCartTestSuit.ShoppingCartTest" name="checkAddTowProducts" time="33.784"/>
  <testcase classname="testSuits.ShoppingCartTestSuit.ShoppingCartTest" name="checkChangeCount" time="23.213"/>
  <testcase classname="testSuits.ShoppingCartTestSuit.ShoppingCartTest" name="checkDeleteProduct" time="27.141">
    <failure type="java.lang.AssertionError" message="expected [true] but found [false]">
      <![CDATA[java.lang.AssertionError: expected [true] but found [false]
at testSuits.ShoppingCartTestSuit.ShoppingCartTest.checkDeleteProduct(ShoppingCartTest.java:121)
at java.base/java.util.ArrayList.forEach(ArrayList.java:1511)
... Removed 41 stack frames]]>
    </failure>
  </testcase> <!-- checkDeleteProduct -->
  <testcase classname="testSuits.ShoppingCartTestSuit.ShoppingCartTest" name="checkEnterAndExit" time="30.712"/>
  <testcase classname="testSuits.ShoppingCartTestSuit.ShoppingCartTest" name="checkTotalSum" time="26.263"/>
</testsuite> <!-- Command line test -->
