{"uuid":"81d9a117-e27f-477e-92e4-a34c0039391a","historyId":"22a0ef8618e5c22436bc7e6830c62f6","fullName":"shoppingCart.ShoppingCartTest.test02_shoppingCart","labels":[{"name":"package","value":"shoppingCart.ShoppingCartTest"},{"name":"testClass","value":"shoppingCart.ShoppingCartTest"},{"name":"testMethod","value":"test02_shoppingCart"},{"name":"parentSuite","value":"Default Suite"},{"name":"suite","value":"nextProject"},{"name":"subSuite","value":"shoppingCart.ShoppingCartTest"},{"name":"host","value":"BestProgrammer"},{"name":"thread","value":"13300@BestProgrammer.main(1)"},{"name":"framework","value":"testng"},{"name":"language","value":"java"},{"name":"severity","value":"critical"}],"links":[],"name":"Test added product twice to the shopping cart","status":"failed","statusDetails":{"known":false,"muted":false,"flaky":false,"message":"expected [true] but found [false]","trace":"java.lang.AssertionError: expected [true] but found [false]\r\n\tat org.testng.Assert.fail(Assert.java:110)\r\n\tat org.testng.Assert.failNotEquals(Assert.java:1413)\r\n\tat org.testng.Assert.assertTrue(Assert.java:56)\r\n\tat org.testng.Assert.assertTrue(Assert.java:66)\r\n\tat extensions.Verifications.verifyCountEquals(Verifications.java:28)\r\n\tat workFlows.ShoppingCartWorkFlows.verifyQuantityOfProduct(ShoppingCartWorkFlows.java:39)\r\n\tat shoppingCart.ShoppingCartTest.test02_shoppingCart(ShoppingCartTest.java:39)\r\n\tat java.base/jdk.internal.reflect.NativeMethodAccessorImpl.invoke0(Native Method)\r\n\tat java.base/jdk.internal.reflect.NativeMethodAccessorImpl.invoke(NativeMethodAccessorImpl.java:62)\r\n\tat java.base/jdk.internal.reflect.DelegatingMethodAccessorImpl.invoke(DelegatingMethodAccessorImpl.java:43)\r\n\tat java.base/java.lang.reflect.Method.invoke(Method.java:566)\r\n\tat org.testng.internal.invokers.MethodInvocationHelper.invokeMethod(MethodInvocationHelper.java:139)\r\n\tat org.testng.internal.invokers.TestInvoker.invokeMethod(TestInvoker.java:677)\r\n\tat org.testng.internal.invokers.TestInvoker.invokeTestMethod(TestInvoker.java:221)\r\n\tat org.testng.internal.invokers.MethodRunner.runInSequence(MethodRunner.java:50)\r\n\tat org.testng.internal.invokers.TestInvoker$MethodInvocationAgent.invoke(TestInvoker.java:962)\r\n\tat org.testng.internal.invokers.TestInvoker.invokeTestMethods(TestInvoker.java:194)\r\n\tat org.testng.internal.invokers.TestMethodWorker.invokeTestMethods(TestMethodWorker.java:148)\r\n\tat org.testng.internal.invokers.TestMethodWorker.run(TestMethodWorker.java:128)\r\n\tat java.base/java.util.ArrayList.forEach(ArrayList.java:1541)\r\n\tat org.testng.TestRunner.privateRun(TestRunner.java:806)\r\n\tat org.testng.TestRunner.run(TestRunner.java:601)\r\n\tat org.testng.SuiteRunner.runTest(SuiteRunner.java:433)\r\n\tat org.testng.SuiteRunner.runSequentially(SuiteRunner.java:427)\r\n\tat org.testng.SuiteRunner.privateRun(SuiteRunner.java:387)\r\n\tat org.testng.SuiteRunner.run(SuiteRunner.java:330)\r\n\tat org.testng.SuiteRunnerWorker.runSuite(SuiteRunnerWorker.java:52)\r\n\tat org.testng.SuiteRunnerWorker.run(SuiteRunnerWorker.java:95)\r\n\tat org.testng.TestNG.runSuitesSequentially(TestNG.java:1256)\r\n\tat org.testng.TestNG.runSuitesLocally(TestNG.java:1176)\r\n\tat org.testng.TestNG.runSuites(TestNG.java:1099)\r\n\tat org.testng.TestNG.run(TestNG.java:1067)\r\n\tat com.intellij.rt.testng.IDEARemoteTestNG.run(IDEARemoteTestNG.java:66)\r\n\tat com.intellij.rt.testng.RemoteTestNGStarter.main(RemoteTestNGStarter.java:109)\r\n"},"stage":"finished","description":"Verify when product was added to the cart twice, the quantity in the cart is 2","steps":[{"name":"Find product and add to shopping cart","status":"passed","stage":"finished","steps":[{"name":"Hover over web element","status":"passed","stage":"finished","steps":[],"attachments":[],"parameters":[{"name":"webElement","value":"[[ChromeDriver: chrome on WINDOWS (a4626a45c924a6ba82696636aff7a499)] -> css selector: [title=\"GIRLS\"]]"}],"start":1662712796890,"stop":1662712797776},{"name":"Click web element","status":"passed","stage":"finished","steps":[],"attachments":[],"parameters":[{"name":"element","value":"[[ChromeDriver: chrome on WINDOWS (a4626a45c924a6ba82696636aff7a499)] -> css selector: [title=\"Jeans\"]]"}],"start":1662712798428,"stop":1662712804259},{"name":"Click web element","status":"passed","stage":"finished","steps":[],"attachments":[],"parameters":[{"name":"element","value":"[[ChromeDriver: chrome on WINDOWS (a4626a45c924a6ba82696636aff7a499)] -> css selector: [data-testid=\"plp-product-grid-item\"]:first-child h2 a]"}],"start":1662712804539,"stop":1662712809773},{"name":"Click web element","status":"passed","stage":"finished","steps":[],"attachments":[],"parameters":[{"name":"element","value":"[[ChromeDriver: chrome on WINDOWS (a4626a45c924a6ba82696636aff7a499)] -> css selector: div[class=\"DropDown\"][style=\"display:block\"] a]"}],"start":1662712809921,"stop":1662712810538},{"name":"Click web element","status":"passed","stage":"finished","steps":[],"attachments":[],"parameters":[{"name":"element","value":"[[ChromeDriver: chrome on WINDOWS (a4626a45c924a6ba82696636aff7a499)] -> css selector: li[class=\"InStock\"] a[class=\"dk_dropdown_option\"]]"}],"start":1662712810557,"stop":1662712810926},{"name":"Click web element","status":"passed","stage":"finished","steps":[],"attachments":[],"parameters":[{"name":"element","value":"[[ChromeDriver: chrome on WINDOWS (a4626a45c924a6ba82696636aff7a499)] -> css selector: [class=\"AddToBag\"] a]"}],"start":1662712810956,"stop":1662712811767},{"name":"Click web element","status":"passed","stage":"finished","steps":[],"attachments":[],"parameters":[{"name":"element","value":"[[ChromeDriver: chrome on WINDOWS (a4626a45c924a6ba82696636aff7a499)] -> css selector: button[data-ga-v2=\"Shopping bag\"]]"}],"start":1662712811877,"stop":1662712812246},{"name":"Click web element","status":"passed","stage":"finished","steps":[],"attachments":[],"parameters":[{"name":"element","value":"[[ChromeDriver: chrome on WINDOWS (a4626a45c924a6ba82696636aff7a499)] -> css selector: [data-ga-v3=\"View Bag\"]]"}],"start":1662712812266,"stop":1662712818244}],"attachments":[],"parameters":[],"start":1662712796356,"stop":1662712818244},{"name":"Find product and add to shopping cart","status":"passed","stage":"finished","steps":[{"name":"Hover over web element","status":"passed","stage":"finished","steps":[],"attachments":[],"parameters":[{"name":"webElement","value":"[[ChromeDriver: chrome on WINDOWS (a4626a45c924a6ba82696636aff7a499)] -> css selector: [title=\"GIRLS\"]]"}],"start":1662712818298,"stop":1662712819145},{"name":"Click web element","status":"passed","stage":"finished","steps":[],"attachments":[],"parameters":[{"name":"element","value":"[[ChromeDriver: chrome on WINDOWS (a4626a45c924a6ba82696636aff7a499)] -> css selector: [title=\"Jeans\"]]"}],"start":1662712820108,"stop":1662712832535},{"name":"Click web element","status":"passed","stage":"finished","steps":[],"attachments":[],"parameters":[{"name":"element","value":"[[ChromeDriver: chrome on WINDOWS (a4626a45c924a6ba82696636aff7a499)] -> css selector: [data-testid=\"plp-product-grid-item\"]:first-child h2 a]"}],"start":1662712832866,"stop":1662712838473},{"name":"Click web element","status":"passed","stage":"finished","steps":[],"attachments":[],"parameters":[{"name":"element","value":"[[ChromeDriver: chrome on WINDOWS (a4626a45c924a6ba82696636aff7a499)] -> css selector: div[class=\"DropDown\"][style=\"display:block\"] a]"}],"start":1662712838577,"stop":1662712839112},{"name":"Click web element","status":"passed","stage":"finished","steps":[],"attachments":[],"parameters":[{"name":"element","value":"[[ChromeDriver: chrome on WINDOWS (a4626a45c924a6ba82696636aff7a499)] -> css selector: li[class=\"InStock\"] a[class=\"dk_dropdown_option\"]]"}],"start":1662712839143,"stop":1662712839603},{"name":"Click web element","status":"passed","stage":"finished","steps":[],"attachments":[],"parameters":[{"name":"element","value":"[[ChromeDriver: chrome on WINDOWS (a4626a45c924a6ba82696636aff7a499)] -> css selector: [class=\"AddToBag\"] a]"}],"start":1662712839619,"stop":1662712840531},{"name":"Click web element","status":"passed","stage":"finished","steps":[],"attachments":[],"parameters":[{"name":"element","value":"[[ChromeDriver: chrome on WINDOWS (a4626a45c924a6ba82696636aff7a499)] -> css selector: button[data-ga-v2=\"Shopping bag\"]]"}],"start":1662712840624,"stop":1662712841333},{"name":"Click web element","status":"passed","stage":"finished","steps":[],"attachments":[],"parameters":[{"name":"element","value":"[[ChromeDriver: chrome on WINDOWS (a4626a45c924a6ba82696636aff7a499)] -> css selector: [data-ga-v3=\"View Bag\"]]"}],"start":1662712841432,"stop":1662712847983}],"attachments":[],"parameters":[],"start":1662712818245,"stop":1662712847983},{"name":"Verify quantity of product is equal to: 2","status":"failed","statusDetails":{"known":false,"muted":false,"flaky":false,"message":"expected [true] but found [false]","trace":"java.lang.AssertionError: expected [true] but found [false]\r\n\tat org.testng.Assert.fail(Assert.java:110)\r\n\tat org.testng.Assert.failNotEquals(Assert.java:1413)\r\n\tat org.testng.Assert.assertTrue(Assert.java:56)\r\n\tat org.testng.Assert.assertTrue(Assert.java:66)\r\n\tat extensions.Verifications.verifyCountEquals(Verifications.java:28)\r\n\tat workFlows.ShoppingCartWorkFlows.verifyQuantityOfProduct(ShoppingCartWorkFlows.java:39)\r\n\tat shoppingCart.ShoppingCartTest.test02_shoppingCart(ShoppingCartTest.java:39)\r\n\tat java.base/jdk.internal.reflect.NativeMethodAccessorImpl.invoke0(Native Method)\r\n\tat java.base/jdk.internal.reflect.NativeMethodAccessorImpl.invoke(NativeMethodAccessorImpl.java:62)\r\n\tat java.base/jdk.internal.reflect.DelegatingMethodAccessorImpl.invoke(DelegatingMethodAccessorImpl.java:43)\r\n\tat java.base/java.lang.reflect.Method.invoke(Method.java:566)\r\n\tat org.testng.internal.invokers.MethodInvocationHelper.invokeMethod(MethodInvocationHelper.java:139)\r\n\tat org.testng.internal.invokers.TestInvoker.invokeMethod(TestInvoker.java:677)\r\n\tat org.testng.internal.invokers.TestInvoker.invokeTestMethod(TestInvoker.java:221)\r\n\tat org.testng.internal.invokers.MethodRunner.runInSequence(MethodRunner.java:50)\r\n\tat org.testng.internal.invokers.TestInvoker$MethodInvocationAgent.invoke(TestInvoker.java:962)\r\n\tat org.testng.internal.invokers.TestInvoker.invokeTestMethods(TestInvoker.java:194)\r\n\tat org.testng.internal.invokers.TestMethodWorker.invokeTestMethods(TestMethodWorker.java:148)\r\n\tat org.testng.internal.invokers.TestMethodWorker.run(TestMethodWorker.java:128)\r\n\tat java.base/java.util.ArrayList.forEach(ArrayList.java:1541)\r\n\tat org.testng.TestRunner.privateRun(TestRunner.java:806)\r\n\tat org.testng.TestRunner.run(TestRunner.java:601)\r\n\tat org.testng.SuiteRunner.runTest(SuiteRunner.java:433)\r\n\tat org.testng.SuiteRunner.runSequentially(SuiteRunner.java:427)\r\n\tat org.testng.SuiteRunner.privateRun(SuiteRunner.java:387)\r\n\tat org.testng.SuiteRunner.run(SuiteRunner.java:330)\r\n\tat org.testng.SuiteRunnerWorker.runSuite(SuiteRunnerWorker.java:52)\r\n\tat org.testng.SuiteRunnerWorker.run(SuiteRunnerWorker.java:95)\r\n\tat org.testng.TestNG.runSuitesSequentially(TestNG.java:1256)\r\n\tat org.testng.TestNG.runSuitesLocally(TestNG.java:1176)\r\n\tat org.testng.TestNG.runSuites(TestNG.java:1099)\r\n\tat org.testng.TestNG.run(TestNG.java:1067)\r\n\tat com.intellij.rt.testng.IDEARemoteTestNG.run(IDEARemoteTestNG.java:66)\r\n\tat com.intellij.rt.testng.RemoteTestNGStarter.main(RemoteTestNGStarter.java:109)\r\n"},"stage":"finished","steps":[],"attachments":[],"parameters":[{"name":"count","value":"2"}],"start":1662712847983,"stop":1662712848415}],"attachments":[],"parameters":[],"start":1662712796356,"stop":1662712848417}