<?xml version="1.0" encoding="UTF-8" ?>
<testsuite tests="48" failures="1" name="TestSuite" time="621.97" errors="0" skipped="0">
  <properties>
    <property name="java.runtime.name" value="Java(TM) SE Runtime Environment"/>
    <property name="java.vm.version" value="16.0.1+9-24"/>
    <property name="sun.boot.library.path" value="C:\Program Files\Java\jdk-16.0.1\bin"/>
    <property name="maven.multiModuleProjectDirectory" value="C:\Users\Den_PC\Desktop\ness\Selenium\Projects\nextProject"/>
    <property name="java.vm.vendor" value="Oracle Corporation"/>
    <property name="java.vendor.url" value="https://java.oracle.com/"/>
    <property name="guice.disable.misplaced.annotation.check" value="true"/>
    <property name="path.separator" value=";"/>
    <property name="java.vm.name" value="Java HotSpot(TM) 64-Bit Server VM"/>
    <property name="sun.os.patch.level" value=""/>
    <property name="user.script" value=""/>
    <property name="user.country" value="RU"/>
    <property name="sun.java.launcher" value="SUN_STANDARD"/>
    <property name="java.vm.specification.name" value="Java Virtual Machine Specification"/>
    <property name="user.dir" value="C:\Users\Den_PC\Desktop\ness\Selenium\Projects\nextProject"/>
    <property name="java.vm.compressedOopsMode" value="32-bit"/>
    <property name="java.runtime.version" value="16.0.1+9-24"/>
    <property name="os.arch" value="amd64"/>
    <property name="java.io.tmpdir" value="C:\Users\Den_PC\AppData\Local\Temp\"/>
    <property name="line.separator" value="
"/>
    <property name="java.vm.specification.vendor" value="Oracle Corporation"/>
    <property name="user.variant" value=""/>
    <property name="os.name" value="Windows 10"/>
    <property name="classworlds.conf" value="C:\Program Files\apache-maven-3.8.3\bin\m2.conf"/>
    <property name="sun.jnu.encoding" value="Cp1251"/>
    <property name="java.library.path" value="C:\Program Files\Java\jdk-16.0.1\bin;C:\WINDOWS\Sun\Java\bin;C:\WINDOWS\system32;C:\WINDOWS;C:\Program Files\Common Files\Oracle\Java\javapath;C:\Program Files (x86)\Common Files\Oracle\Java\javapath;C:\ProgramData\Oracle\Java\javapath;C:\WINDOWS\system32;C:\WINDOWS;C:\WINDOWS\System32\Wbem;C:\WINDOWS\System32\WindowsPowerShell\v1.0\;C:\Program Files (x86)\ATI Technologies\ATI.ACE\Core-Static;C:\Program Files (x86)\CineForm\Tools;C:\WINDOWS\System32\OpenSSH\;C:\Program Files\nodejs\;C:\Program Files\Java\jdk-16.0.1\bin;C:\Program Files\apache-maven-3.8.3\bin;C:\Program Files\Git\cmd;C:\Users\Den_PC\allure-2.18.1\bin;;C:\Program Files\Docker\Docker\resources\bin;C:\ProgramData\DockerDesktop\version-bin;C:\Users\Den_PC\AppData\Local\Programs\Python\Python310\Scripts\;C:\Users\Den_PC\AppData\Local\Programs\Python\Python310\;C:\Program Files\MySQL\MySQL Shell 8.0\bin\;C:\Users\Den_PC\AppData\Local\Microsoft\WindowsApps;;C:\Users\Den_PC\AppData\Local\Programs\Microsoft VS Code\bin;C:\Users\Den_PC\AppData\Roaming\npm;C:\Program Files\JetBrains\IntelliJ IDEA Community Edition 2021.2\bin;;C:\Program Files\JetBrains\IntelliJ IDEA 2021.3.1\bin;;C:\Program Files\heroku\bin;."/>
    <property name="maven.conf" value="C:\Program Files\apache-maven-3.8.3/conf"/>
    <property name="jdk.debug" value="release"/>
    <property name="java.class.version" value="60.0"/>
    <property name="java.specification.name" value="Java Platform API Specification"/>
    <property name="sun.management.compiler" value="HotSpot 64-Bit Tiered Compilers"/>
    <property name="os.version" value="10.0"/>
    <property name="library.jansi.path" value="C:\Program Files\apache-maven-3.8.3\lib\jansi-native"/>
    <property name="user.home" value="C:\Users\Den_PC"/>
    <property name="user.timezone" value="Asia/Jerusalem"/>
    <property name="file.encoding" value="Cp1251"/>
    <property name="java.specification.version" value="16"/>
    <property name="user.name" value="Den_PC"/>
    <property name="java.class.path" value="C:\Program Files\apache-maven-3.8.3\boot\plexus-classworlds-2.6.0.jar"/>
    <property name="java.vm.specification.version" value="16"/>
    <property name="sun.arch.data.model" value="64"/>
    <property name="sun.java.command" value="org.codehaus.plexus.classworlds.launcher.Launcher clean test"/>
    <property name="java.home" value="C:\Program Files\Java\jdk-16.0.1"/>
    <property name="user.language" value="ru"/>
    <property name="java.specification.vendor" value="Oracle Corporation"/>
    <property name="java.vm.info" value="mixed mode, sharing"/>
    <property name="java.version" value="16.0.1"/>
    <property name="java.vendor" value="Oracle Corporation"/>
    <property name="sun.stderr.encoding" value="cp866"/>
    <property name="maven.home" value="C:\Program Files\apache-maven-3.8.3"/>
    <property name="file.separator" value="\"/>
    <property name="java.version.date" value="2021-04-20"/>
    <property name="java.vendor.url.bug" value="https://bugreport.java.com/bugreport/"/>
    <property name="sun.io.unicode.encoding" value="UnicodeLittle"/>
    <property name="sun.cpu.endian" value="little"/>
    <property name="sun.stdout.encoding" value="cp866"/>
    <property name="sun.cpu.isalist" value="amd64"/>
  </properties>
  <testcase classname="testSuits.authTestSuit.LoginTest" name="loginWithCorrectData" time="21.223"/>
  <testcase classname="testSuits.authTestSuit.LoginTest" name="loginWithIncorrectPassword" time="9.62"/>
  <testcase classname="testSuits.authTestSuit.RegistrationTest" name="registerWithEmailInvalid" time="27.877"/>
  <testcase classname="testSuits.authTestSuit.RegistrationTest" name="registerWithEmailInvalid" time="13.406"/>
  <testcase classname="testSuits.authTestSuit.RegistrationTest" name="registerWithEmailInvalid" time="15.545"/>
  <testcase classname="testSuits.authTestSuit.RegistrationTest" name="registerWithEmailInvalid" time="12.247"/>
  <testcase classname="testSuits.authTestSuit.RegistrationTest" name="registerWithFirthNameInvalid" time="13.625"/>
  <testcase classname="testSuits.authTestSuit.RegistrationTest" name="registerWithFirthNameInvalid" time="12.597"/>
  <testcase classname="testSuits.authTestSuit.RegistrationTest" name="registerWithFirthNameInvalid" time="13.305"/>
  <testcase classname="testSuits.authTestSuit.RegistrationTest" name="registerWithFirthNameInvalid" time="12.326"/>
  <testcase classname="testSuits.authTestSuit.RegistrationTest" name="registerWithLastNameInvalid" time="12.044"/>
  <testcase classname="testSuits.authTestSuit.RegistrationTest" name="registerWithLastNameInvalid" time="13.804"/>
  <testcase classname="testSuits.authTestSuit.RegistrationTest" name="registerWithLastNameInvalid" time="12.453"/>
  <testcase classname="testSuits.authTestSuit.RegistrationTest" name="registerWithLastNameInvalid" time="12.037"/>
  <testcase classname="testSuits.authTestSuit.RegistrationTest" name="registerWithPasswordInvalid" time="12.221"/>
  <testcase classname="testSuits.authTestSuit.RegistrationTest" name="registerWithPasswordInvalid" time="11.766"/>
  <testcase classname="testSuits.authTestSuit.RegistrationTest" name="registerWithPasswordInvalid" time="11.672"/>
  <testcase classname="testSuits.authTestSuit.RegistrationTest" name="registerWithPasswordInvalid" time="10.874"/>
  <testcase classname="testSuits.authTestSuit.RegistrationTest" name="registerWithPhoneNumberInvalid" time="10.589"/>
  <testcase classname="testSuits.authTestSuit.RegistrationTest" name="registerWithPhoneNumberInvalid" time="11.169"/>
  <testcase classname="testSuits.authTestSuit.RegistrationTest" name="registerWithPhoneNumberInvalid" time="10.246"/>
  <testcase classname="testSuits.authTestSuit.RegistrationTest" name="registerWithPhoneNumberInvalid" time="10.344"/>
  <testcase classname="testSuits.authTestSuit.RegistrationTest" name="registerWithValidData" time="9.791"/>
  <testcase classname="testSuits.authTestSuit.RegistrationTest" name="registerWithValidData" time="9.435"/>
  <testcase classname="testSuits.authTestSuit.RegistrationTest" name="registerWithValidData" time="11.618"/>
  <testcase classname="testSuits.authTestSuit.RegistrationTest" name="registerWithValidData" time="10.011"/>
  <testcase classname="testSuits.searchTestSuit.SearchTest" name="checkCountResults" time="13.859"/>
  <testcase classname="testSuits.searchTestSuit.SearchTest" name="checkCountResults" time="6.038"/>
  <testcase classname="testSuits.searchTestSuit.SearchTest" name="checkCountResults" time="5.28"/>
  <testcase classname="testSuits.searchTestSuit.SearchTest" name="checkCountResults" time="7.031"/>
  <testcase classname="testSuits.searchTestSuit.SearchTest" name="checkFirstResult" time="6.136"/>
  <testcase classname="testSuits.searchTestSuit.SearchTest" name="checkFirstResult" time="5.843"/>
  <testcase classname="testSuits.searchTestSuit.SearchTest" name="checkFirstResult" time="4.767"/>
  <testcase classname="testSuits.searchTestSuit.SearchTest" name="checkFirstResult" time="5.942"/>
  <testcase classname="testSuits.searchTestSuit.SearchTest" name="checkPrice" time="11.137"/>
  <testcase classname="testSuits.searchTestSuit.SearchTest" name="checkPrice" time="10.226"/>
  <testcase classname="testSuits.searchTestSuit.SearchTest" name="checkPrice" time="8.382"/>
  <testcase classname="testSuits.searchTestSuit.SearchTest" name="checkPrice" time="9.663"/>
  <testcase classname="testSuits.searchTestSuit.SearchTest" name="checkSearchTerm" time="5.701"/>
  <testcase classname="testSuits.searchTestSuit.SearchTest" name="checkSearchTerm" time="5.662"/>
  <testcase classname="testSuits.searchTestSuit.SearchTest" name="checkSearchTerm" time="5.144"/>
  <testcase classname="testSuits.searchTestSuit.SearchTest" name="checkSearchTerm" time="5.391"/>
  <testcase classname="testSuits.ShoppingCartTestSuit.ShoppingCartTest" name="checkAddProduct" time="32.778"/>
  <testcase classname="testSuits.ShoppingCartTestSuit.ShoppingCartTest" name="checkAddTowProducts" time="33.784"/>
  <testcase classname="testSuits.ShoppingCartTestSuit.ShoppingCartTest" name="checkChangeCount" time="23.213"/>
  <testcase classname="testSuits.ShoppingCartTestSuit.ShoppingCartTest" name="checkDeleteProduct" time="27.157">
    <failure message="expected [true] but found [false]" type="java.lang.AssertionError">java.lang.AssertionError: expected [true] but found [false]
	at org.testng.Assert.fail(Assert.java:110)
	at org.testng.Assert.failNotEquals(Assert.java:1413)
	at org.testng.Assert.assertTrue(Assert.java:56)
	at org.testng.Assert.assertTrue(Assert.java:66)
	at testSuits.ShoppingCartTestSuit.ShoppingCartTest.checkDeleteProduct(ShoppingCartTest.java:121)
</failure>
    <system-out>your bag contains 0 item and comes to a total of ? 0.00.
</system-out>
  </testcase>
  <testcase classname="testSuits.ShoppingCartTestSuit.ShoppingCartTest" name="checkEnterAndExit" time="30.728"/>
  <testcase classname="testSuits.ShoppingCartTestSuit.ShoppingCartTest" name="checkTotalSum" time="26.263"/>
</testsuite>